<?xml version="1.0" encoding="UTF-8"?>
<testsuites name="jest tests" tests="6" failures="0" errors="0" time="0.69">
  <testsuite name="TelegramOAuth2" errors="0" failures="0" skipped="0" timestamp="2025-05-06T11:36:34" time="0.559" tests="6">
    <testcase classname="TelegramOAuth2 › handleTelegramOAuthCallback" name="должен успешно валидировать корректные данные" time="0.017">
    </testcase>
    <testcase classname="TelegramOAuth2 › handleTelegramOAuthCallback" name="должен отклонять данные с истекшим сроком действия" time="0.003">
    </testcase>
    <testcase classname="TelegramOAuth2 › handleTelegramOAuthCallback" name="должен отклонять данные с неверным хешем" time="0.003">
    </testcase>
    <testcase classname="TelegramOAuth2 › handleTelegramOAuthCallback" name="должен отклонять данные без username и photo_url" time="0.002">
    </testcase>
    <testcase classname="TelegramOAuth2 › handleTelegramOAuthCallback" name="должен отклонять данные с измененным значением last_name" time="0.003">
    </testcase>
    <testcase classname="TelegramOAuth2 › handleTelegramOAuthCallback" name="должен отклонять данные с измененным значением поля first_name" time="0.001">
    </testcase>
  </testsuite>
</testsuites>